<?xml version="1.0" encoding="UTF-8"?>
<robot generator="Robot 4.1.3 (Python 3.7.5 on darwin)" generated="20220226 18:16:02.724" rpa="false" schemaversion="2">
<suite id="s1" name="Robot Interactive Console" source="/Users/TiagoMuzzi/.vscode/extensions/robocorp.robotframework-lsp-0.41.0/src/robotframework_ls/vendored/robotframework_interactive/robot_interactive_console.robot">
<test id="s1-t1" name="Default Task/Test">
<kw name="Interpreter Main Loop" library="MainLoop">
<kw name="Log" library="BuiltIn">
<arg>${response.URL}</arg>
<doc>Logs the given message with the given level.</doc>
<msg timestamp="20220226 18:16:23.994" level="FAIL">Resolving variable '${response.URL}' failed: Variable '${response}' not found.</msg>
<status status="FAIL" starttime="20220226 18:16:23.987" endtime="20220226 18:16:23.994"/>
</kw>
<kw name="Get download URL From User">
<arg>Add text input</arg>
<arg>URL</arg>
<arg>label=Download URL for the csv file</arg>
<arg>${response}=</arg>
<arg>Run dialog</arg>
<arg>log</arg>
<arg>${response.URL}</arg>
<msg timestamp="20220226 18:16:47.132" level="FAIL">Variable '${response}' not found.</msg>
<status status="FAIL" starttime="20220226 18:16:47.128" endtime="20220226 18:16:47.132"/>
</kw>
<status status="PASS" starttime="20220226 18:16:02.771" endtime="20220226 18:16:56.104"/>
</kw>
<status status="PASS" starttime="20220226 18:16:02.771" endtime="20220226 18:16:56.105"/>
</test>
<status status="PASS" starttime="20220226 18:16:02.727" endtime="20220226 18:16:56.108"/>
</suite>
<statistics>
<total>
<stat pass="1" fail="0" skip="0">All Tests</stat>
</total>
<tag>
</tag>
<suite>
<stat pass="1" fail="0" skip="0" id="s1" name="Robot Interactive Console">Robot Interactive Console</stat>
</suite>
</statistics>
<errors>
</errors>
</robot>
